{"D:\\Reactjs-Project\\my-ecom-app\\ecom\\src\\assets\\MockData.jsx": {"path":"D:\\Reactjs-Project\\my-ecom-app\\ecom\\src\\assets\\MockData.jsx","statementMap":{"0":{"start":{"line":1,"column":26},"end":{"line":8,"column":null}},"1":{"start":{"line":9,"column":24},"end":{"line":112,"column":null}}},"fnMap":{},"branchMap":{},"s":{"0":1,"1":1},"f":{},"b":{},"meta":{"lastBranch":0,"lastFunction":0,"lastStatement":2,"seen":{"s:1:26:8:Infinity":0,"s:9:24:112:Infinity":1}}}
,"D:\\Reactjs-Project\\my-ecom-app\\ecom\\src\\pages\\Contact.jsx": {"path":"D:\\Reactjs-Project\\my-ecom-app\\ecom\\src\\pages\\Contact.jsx","statementMap":{"0":{"start":{"line":4,"column":16},"end":{"line":158,"column":null}},"1":{"start":{"line":5,"column":30},"end":{"line":11,"column":null}},"2":{"start":{"line":13,"column":23},"end":{"line":18,"column":null}},"3":{"start":{"line":14,"column":4},"end":{"line":17,"column":null}},"4":{"start":{"line":20,"column":23},"end":{"line":32,"column":null}},"5":{"start":{"line":21,"column":4},"end":{"line":21,"column":null}},"6":{"start":{"line":23,"column":4},"end":{"line":23,"column":null}},"7":{"start":{"line":25,"column":4},"end":{"line":31,"column":null}},"8":{"start":{"line":34,"column":2},"end":{"line":156,"column":null}}},"fnMap":{"0":{"name":"(anonymous_0)","decl":{"start":{"line":4,"column":16},"end":{"line":4,"column":22}},"loc":{"start":{"line":4,"column":22},"end":{"line":158,"column":null}},"line":4},"1":{"name":"(anonymous_1)","decl":{"start":{"line":13,"column":23},"end":{"line":13,"column":24}},"loc":{"start":{"line":13,"column":30},"end":{"line":18,"column":null}},"line":13},"2":{"name":"(anonymous_2)","decl":{"start":{"line":20,"column":23},"end":{"line":20,"column":24}},"loc":{"start":{"line":20,"column":30},"end":{"line":32,"column":null}},"line":20}},"branchMap":{},"s":{"0":1,"1":65,"2":65,"3":63,"4":65,"5":1,"6":1,"7":1,"8":65},"f":{"0":65,"1":63,"2":1},"b":{},"meta":{"lastBranch":0,"lastFunction":3,"lastStatement":9,"seen":{"s:4:16:158:Infinity":0,"f:4:16:4:22":0,"s:5:30:11:Infinity":1,"s:13:23:18:Infinity":2,"f:13:23:13:24":1,"s:14:4:17:Infinity":3,"s:20:23:32:Infinity":4,"f:20:23:20:24":2,"s:21:4:21:Infinity":5,"s:23:4:23:Infinity":6,"s:25:4:31:Infinity":7,"s:34:2:156:Infinity":8}}}
,"D:\\Reactjs-Project\\my-ecom-app\\ecom\\src\\pages\\Home.jsx": {"path":"D:\\Reactjs-Project\\my-ecom-app\\ecom\\src\\pages\\Home.jsx","statementMap":{"0":{"start":{"line":11,"column":13},"end":{"line":69,"column":null}},"1":{"start":{"line":12,"column":8},"end":{"line":12,"column":null}},"2":{"start":{"line":13,"column":8},"end":{"line":13,"column":null}},"3":{"start":{"line":13,"column":42},"end":{"line":13,"column":55}},"4":{"start":{"line":14,"column":2},"end":{"line":16,"column":null}},"5":{"start":{"line":15,"column":4},"end":{"line":15,"column":null}},"6":{"start":{"line":18,"column":2},"end":{"line":67,"column":null}},"7":{"start":{"line":28,"column":16},"end":{"line":34,"column":null}},"8":{"start":{"line":60,"column":16},"end":{"line":60,"column":null}}},"fnMap":{"0":{"name":"(anonymous_0)","decl":{"start":{"line":11,"column":13},"end":{"line":11,"column":19}},"loc":{"start":{"line":11,"column":19},"end":{"line":69,"column":null}},"line":11},"1":{"name":"(anonymous_1)","decl":{"start":{"line":13,"column":31},"end":{"line":13,"column":32}},"loc":{"start":{"line":13,"column":42},"end":{"line":13,"column":55}},"line":13},"2":{"name":"(anonymous_2)","decl":{"start":{"line":14,"column":12},"end":{"line":14,"column":18}},"loc":{"start":{"line":14,"column":18},"end":{"line":16,"column":5}},"line":14},"3":{"name":"(anonymous_3)","decl":{"start":{"line":27,"column":30},"end":{"line":27,"column":31}},"loc":{"start":{"line":28,"column":16},"end":{"line":34,"column":null}},"line":28},"4":{"name":"(anonymous_4)","decl":{"start":{"line":59,"column":49},"end":{"line":59,"column":50}},"loc":{"start":{"line":60,"column":16},"end":{"line":60,"column":null}},"line":60}},"branchMap":{},"s":{"0":1,"1":6,"2":6,"3":12,"4":6,"5":6,"6":6,"7":36,"8":30},"f":{"0":6,"1":12,"2":6,"3":36,"4":30},"b":{},"meta":{"lastBranch":0,"lastFunction":5,"lastStatement":9,"seen":{"s:11:13:69:Infinity":0,"f:11:13:11:19":0,"s:12:8:12:Infinity":1,"s:13:8:13:Infinity":2,"f:13:31:13:32":1,"s:13:42:13:55":3,"s:14:2:16:Infinity":4,"f:14:12:14:18":2,"s:15:4:15:Infinity":5,"s:18:2:67:Infinity":6,"f:27:30:27:31":3,"s:28:16:34:Infinity":7,"f:59:49:59:50":4,"s:60:16:60:Infinity":8}}}
,"D:\\Reactjs-Project\\my-ecom-app\\ecom\\src\\redux\\cartSlice.jsx": {"path":"D:\\Reactjs-Project\\my-ecom-app\\ecom\\src\\redux\\cartSlice.jsx","statementMap":{"0":{"start":{"line":3,"column":21},"end":{"line":7,"column":null}},"1":{"start":{"line":9,"column":6},"end":{"line":84,"column":null}},"2":{"start":{"line":14,"column":22},"end":{"line":14,"column":null}},"3":{"start":{"line":15,"column":24},"end":{"line":17,"column":null}},"4":{"start":{"line":16,"column":18},"end":{"line":16,"column":null}},"5":{"start":{"line":18,"column":6},"end":{"line":32,"column":null}},"6":{"start":{"line":19,"column":8},"end":{"line":19,"column":null}},"7":{"start":{"line":20,"column":8},"end":{"line":22,"column":null}},"8":{"start":{"line":24,"column":8},"end":{"line":31,"column":null}},"9":{"start":{"line":33,"column":6},"end":{"line":33,"column":null}},"10":{"start":{"line":34,"column":6},"end":{"line":34,"column":null}},"11":{"start":{"line":38,"column":17},"end":{"line":38,"column":null}},"12":{"start":{"line":39,"column":19},"end":{"line":39,"column":null}},"13":{"start":{"line":39,"column":50},"end":{"line":39,"column":61}},"14":{"start":{"line":40,"column":6},"end":{"line":45,"column":null}},"15":{"start":{"line":41,"column":8},"end":{"line":41,"column":null}},"16":{"start":{"line":42,"column":8},"end":{"line":42,"column":null}},"17":{"start":{"line":43,"column":8},"end":{"line":43,"column":null}},"18":{"start":{"line":44,"column":8},"end":{"line":44,"column":null}},"19":{"start":{"line":49,"column":17},"end":{"line":49,"column":null}},"20":{"start":{"line":50,"column":24},"end":{"line":50,"column":null}},"21":{"start":{"line":50,"column":60},"end":{"line":50,"column":71}},"22":{"start":{"line":51,"column":6},"end":{"line":64,"column":null}},"23":{"start":{"line":52,"column":21},"end":{"line":52,"column":null}},"24":{"start":{"line":53,"column":8},"end":{"line":63,"column":null}},"25":{"start":{"line":54,"column":10},"end":{"line":54,"column":null}},"26":{"start":{"line":55,"column":10},"end":{"line":55,"column":null}},"27":{"start":{"line":56,"column":10},"end":{"line":56,"column":null}},"28":{"start":{"line":57,"column":10},"end":{"line":57,"column":null}},"29":{"start":{"line":60,"column":10},"end":{"line":60,"column":null}},"30":{"start":{"line":61,"column":10},"end":{"line":61,"column":null}},"31":{"start":{"line":62,"column":10},"end":{"line":62,"column":null}},"32":{"start":{"line":68,"column":17},"end":{"line":68,"column":null}},"33":{"start":{"line":69,"column":24},"end":{"line":69,"column":null}},"34":{"start":{"line":69,"column":60},"end":{"line":69,"column":71}},"35":{"start":{"line":70,"column":6},"end":{"line":75,"column":null}},"36":{"start":{"line":71,"column":21},"end":{"line":71,"column":null}},"37":{"start":{"line":72,"column":8},"end":{"line":72,"column":null}},"38":{"start":{"line":73,"column":8},"end":{"line":73,"column":null}},"39":{"start":{"line":74,"column":8},"end":{"line":74,"column":null}},"40":{"start":{"line":79,"column":6},"end":{"line":79,"column":null}},"41":{"start":{"line":80,"column":6},"end":{"line":80,"column":null}},"42":{"start":{"line":81,"column":6},"end":{"line":81,"column":null}},"43":{"start":{"line":92,"column":4},"end":{"line":92,"column":null}}},"fnMap":{"0":{"name":"(anonymous_0)","decl":{"start":{"line":13,"column":15},"end":{"line":13,"column":16}},"loc":{"start":{"line":13,"column":34},"end":{"line":35,"column":null}},"line":13},"1":{"name":"(anonymous_1)","decl":{"start":{"line":16,"column":8},"end":{"line":16,"column":9}},"loc":{"start":{"line":16,"column":18},"end":{"line":16,"column":null}},"line":16},"2":{"name":"(anonymous_2)","decl":{"start":{"line":37,"column":23},"end":{"line":37,"column":24}},"loc":{"start":{"line":37,"column":42},"end":{"line":46,"column":null}},"line":37},"3":{"name":"(anonymous_3)","decl":{"start":{"line":39,"column":43},"end":{"line":39,"column":44}},"loc":{"start":{"line":39,"column":50},"end":{"line":39,"column":61}},"line":39},"4":{"name":"(anonymous_4)","decl":{"start":{"line":48,"column":23},"end":{"line":48,"column":24}},"loc":{"start":{"line":48,"column":42},"end":{"line":65,"column":null}},"line":48},"5":{"name":"(anonymous_5)","decl":{"start":{"line":50,"column":53},"end":{"line":50,"column":54}},"loc":{"start":{"line":50,"column":60},"end":{"line":50,"column":71}},"line":50},"6":{"name":"(anonymous_6)","decl":{"start":{"line":67,"column":20},"end":{"line":67,"column":21}},"loc":{"start":{"line":67,"column":39},"end":{"line":76,"column":null}},"line":67},"7":{"name":"(anonymous_7)","decl":{"start":{"line":69,"column":53},"end":{"line":69,"column":54}},"loc":{"start":{"line":69,"column":60},"end":{"line":69,"column":71}},"line":69},"8":{"name":"(anonymous_8)","decl":{"start":{"line":78,"column":15},"end":{"line":78,"column":16}},"loc":{"start":{"line":78,"column":26},"end":{"line":82,"column":null}},"line":78}},"branchMap":{"0":{"loc":{"start":{"line":18,"column":6},"end":{"line":32,"column":null}},"type":"if","locations":[{"start":{"line":18,"column":6},"end":{"line":32,"column":null}},{"start":{"line":23,"column":13},"end":{"line":32,"column":null}}],"line":18},"1":{"loc":{"start":{"line":40,"column":6},"end":{"line":45,"column":null}},"type":"if","locations":[{"start":{"line":40,"column":6},"end":{"line":45,"column":null}},{"start":{},"end":{}}],"line":40},"2":{"loc":{"start":{"line":51,"column":6},"end":{"line":64,"column":null}},"type":"if","locations":[{"start":{"line":51,"column":6},"end":{"line":64,"column":null}},{"start":{},"end":{}}],"line":51},"3":{"loc":{"start":{"line":53,"column":8},"end":{"line":63,"column":null}},"type":"if","locations":[{"start":{"line":53,"column":8},"end":{"line":63,"column":null}},{"start":{"line":58,"column":15},"end":{"line":63,"column":null}}],"line":53},"4":{"loc":{"start":{"line":70,"column":6},"end":{"line":75,"column":null}},"type":"if","locations":[{"start":{"line":70,"column":6},"end":{"line":75,"column":null}},{"start":{},"end":{}}],"line":70}},"s":{"0":1,"1":1,"2":0,"3":0,"4":0,"5":0,"6":0,"7":0,"8":0,"9":0,"10":0,"11":0,"12":0,"13":0,"14":0,"15":0,"16":0,"17":0,"18":0,"19":0,"20":0,"21":0,"22":0,"23":0,"24":0,"25":0,"26":0,"27":0,"28":0,"29":0,"30":0,"31":0,"32":0,"33":0,"34":0,"35":0,"36":0,"37":0,"38":0,"39":0,"40":0,"41":0,"42":0,"43":1},"f":{"0":0,"1":0,"2":0,"3":0,"4":0,"5":0,"6":0,"7":0,"8":0},"b":{"0":[0,0],"1":[0,0],"2":[0,0],"3":[0,0],"4":[0,0]},"meta":{"lastBranch":5,"lastFunction":9,"lastStatement":44,"seen":{"s:3:21:7:Infinity":0,"s:9:6:84:Infinity":1,"f:13:15:13:16":0,"s:14:22:14:Infinity":2,"s:15:24:17:Infinity":3,"f:16:8:16:9":1,"s:16:18:16:Infinity":4,"b:18:6:32:Infinity:23:13:32:Infinity":0,"s:18:6:32:Infinity":5,"s:19:8:19:Infinity":6,"s:20:8:22:Infinity":7,"s:24:8:31:Infinity":8,"s:33:6:33:Infinity":9,"s:34:6:34:Infinity":10,"f:37:23:37:24":2,"s:38:17:38:Infinity":11,"s:39:19:39:Infinity":12,"f:39:43:39:44":3,"s:39:50:39:61":13,"b:40:6:45:Infinity:undefined:undefined:undefined:undefined":1,"s:40:6:45:Infinity":14,"s:41:8:41:Infinity":15,"s:42:8:42:Infinity":16,"s:43:8:43:Infinity":17,"s:44:8:44:Infinity":18,"f:48:23:48:24":4,"s:49:17:49:Infinity":19,"s:50:24:50:Infinity":20,"f:50:53:50:54":5,"s:50:60:50:71":21,"b:51:6:64:Infinity:undefined:undefined:undefined:undefined":2,"s:51:6:64:Infinity":22,"s:52:21:52:Infinity":23,"b:53:8:63:Infinity:58:15:63:Infinity":3,"s:53:8:63:Infinity":24,"s:54:10:54:Infinity":25,"s:55:10:55:Infinity":26,"s:56:10:56:Infinity":27,"s:57:10:57:Infinity":28,"s:60:10:60:Infinity":29,"s:61:10:61:Infinity":30,"s:62:10:62:Infinity":31,"f:67:20:67:21":6,"s:68:17:68:Infinity":32,"s:69:24:69:Infinity":33,"f:69:53:69:54":7,"s:69:60:69:71":34,"b:70:6:75:Infinity:undefined:undefined:undefined:undefined":4,"s:70:6:75:Infinity":35,"s:71:21:71:Infinity":36,"s:72:8:72:Infinity":37,"s:73:8:73:Infinity":38,"s:74:8:74:Infinity":39,"f:78:15:78:16":8,"s:79:6:79:Infinity":40,"s:80:6:80:Infinity":41,"s:81:6:81:Infinity":42,"s:92:4:92:Infinity":43}}}
,"D:\\Reactjs-Project\\my-ecom-app\\ecom\\src\\redux\\productSlice.jsx": {"path":"D:\\Reactjs-Project\\my-ecom-app\\ecom\\src\\redux\\productSlice.jsx","statementMap":{"0":{"start":{"line":3,"column":21},"end":{"line":7,"column":null}},"1":{"start":{"line":9,"column":6},"end":{"line":23,"column":null}},"2":{"start":{"line":14,"column":6},"end":{"line":14,"column":null}},"3":{"start":{"line":17,"column":6},"end":{"line":17,"column":null}},"4":{"start":{"line":18,"column":6},"end":{"line":20,"column":null}},"5":{"start":{"line":19,"column":8},"end":{"line":19,"column":null}},"6":{"start":{"line":25,"column":47},"end":{"line":25,"column":null}}},"fnMap":{"0":{"name":"(anonymous_0)","decl":{"start":{"line":13,"column":17},"end":{"line":13,"column":18}},"loc":{"start":{"line":13,"column":36},"end":{"line":15,"column":null}},"line":13},"1":{"name":"(anonymous_1)","decl":{"start":{"line":16,"column":20},"end":{"line":16,"column":21}},"loc":{"start":{"line":16,"column":39},"end":{"line":21,"column":null}},"line":16},"2":{"name":"(anonymous_2)","decl":{"start":{"line":18,"column":53},"end":{"line":18,"column":54}},"loc":{"start":{"line":19,"column":8},"end":{"line":19,"column":null}},"line":19}},"branchMap":{},"s":{"0":1,"1":1,"2":6,"3":0,"4":0,"5":0,"6":1},"f":{"0":6,"1":0,"2":0},"b":{},"meta":{"lastBranch":0,"lastFunction":3,"lastStatement":7,"seen":{"s:3:21:7:Infinity":0,"s:9:6:23:Infinity":1,"f:13:17:13:18":0,"s:14:6:14:Infinity":2,"f:16:20:16:21":1,"s:17:6:17:Infinity":3,"s:18:6:20:Infinity":4,"f:18:53:18:54":2,"s:19:8:19:Infinity":5,"s:25:47:25:Infinity":6}}}
}
